<?xml version="1.0" encoding="UTF-8"?>
<testng-results ignored="0" total="17" passed="15" failed="2" skipped="0">
  <reporter-output>
  </reporter-output>
  <suite started-at="2024-06-24T17:24:04 IST" name="TestNG Regression Suite" finished-at="2024-06-24T17:24:32 IST" duration-ms="27405">
    <groups>
    </groups>
    <test started-at="2024-06-24T17:24:04 IST" name="Login Page Test" finished-at="2024-06-24T17:24:20 IST" duration-ms="16249">
      <class name="com.qa.opencart.tests.LoginPageTest">
        <test-method is-config="true" signature="setUp()[pri:0, instance:com.qa.opencart.tests.LoginPageTest@24a2e565]" started-at="2024-06-24T17:24:04 IST" name="setUp" finished-at="2024-06-24T17:24:09 IST" duration-ms="5235" status="PASS">
          <reporter-output>
          </reporter-output>
        </test-method> <!-- setUp -->
        <test-method signature="loginPageTitleTest()[pri:1, instance:com.qa.opencart.tests.LoginPageTest@24a2e565]" started-at="2024-06-24T17:24:09 IST" name="loginPageTitleTest" finished-at="2024-06-24T17:24:10 IST" duration-ms="167" status="PASS">
          <reporter-output>
          </reporter-output>
        </test-method> <!-- loginPageTitleTest -->
        <test-method signature="loginPageURLTest()[pri:2, instance:com.qa.opencart.tests.LoginPageTest@24a2e565]" started-at="2024-06-24T17:24:10 IST" name="loginPageURLTest" finished-at="2024-06-24T17:24:10 IST" duration-ms="33" status="PASS">
          <reporter-output>
          </reporter-output>
        </test-method> <!-- loginPageURLTest -->
        <test-method signature="forgotPwdLinkExistTest()[pri:3, instance:com.qa.opencart.tests.LoginPageTest@24a2e565]" started-at="2024-06-24T17:24:10 IST" name="forgotPwdLinkExistTest" finished-at="2024-06-24T17:24:10 IST" duration-ms="64" status="PASS">
          <reporter-output>
          </reporter-output>
        </test-method> <!-- forgotPwdLinkExistTest -->
        <test-method signature="loginTest()[pri:4, instance:com.qa.opencart.tests.LoginPageTest@24a2e565]" started-at="2024-06-24T17:24:10 IST" name="loginTest" finished-at="2024-06-24T17:24:16 IST" duration-ms="6363" status="FAIL">
          <exception class="java.lang.AssertionError">
            <message>
              <![CDATA[====TITLE NOT FOUND==== expected [My Account] but found [Account Login]]]>
            </message>
            <full-stacktrace>
              <![CDATA[java.lang.AssertionError: ====TITLE NOT FOUND==== expected [My Account] but found [Account Login]
at org.testng.Assert.fail(Assert.java:111)
at org.testng.Assert.failNotEquals(Assert.java:1578)
at org.testng.Assert.assertEqualsImpl(Assert.java:150)
at org.testng.Assert.assertEquals(Assert.java:132)
at org.testng.Assert.assertEquals(Assert.java:656)
at com.qa.opencart.tests.LoginPageTest.loginTest(LoginPageTest.java:29)
at java.base/jdk.internal.reflect.NativeMethodAccessorImpl.invoke0(Native Method)
at java.base/jdk.internal.reflect.NativeMethodAccessorImpl.invoke(NativeMethodAccessorImpl.java:62)
at java.base/jdk.internal.reflect.DelegatingMethodAccessorImpl.invoke(DelegatingMethodAccessorImpl.java:43)
at java.base/java.lang.reflect.Method.invoke(Method.java:566)
at org.testng.internal.invokers.MethodInvocationHelper.invokeMethod(MethodInvocationHelper.java:141)
at org.testng.internal.invokers.TestInvoker.invokeMethod(TestInvoker.java:686)
at org.testng.internal.invokers.TestInvoker.invokeTestMethod(TestInvoker.java:230)
at org.testng.internal.invokers.MethodRunner.runInSequence(MethodRunner.java:63)
at org.testng.internal.invokers.TestInvoker$MethodInvocationAgent.invoke(TestInvoker.java:992)
at org.testng.internal.invokers.TestInvoker.invokeTestMethods(TestInvoker.java:203)
at org.testng.internal.invokers.TestMethodWorker.invokeTestMethods(TestMethodWorker.java:154)
at org.testng.internal.invokers.TestMethodWorker.run(TestMethodWorker.java:134)
at java.base/java.util.ArrayList.forEach(ArrayList.java:1541)
at org.testng.TestRunner.privateRun(TestRunner.java:739)
at org.testng.TestRunner.run(TestRunner.java:614)
at org.testng.SuiteRunner.runTest(SuiteRunner.java:421)
at org.testng.SuiteRunner$SuiteWorker.run(SuiteRunner.java:463)
at org.testng.internal.thread.ThreadUtil.lambda$execute$0(ThreadUtil.java:64)
at java.base/java.util.concurrent.FutureTask.run(FutureTask.java:264)
at java.base/java.util.concurrent.ThreadPoolExecutor.runWorker(ThreadPoolExecutor.java:1128)
at java.base/java.util.concurrent.ThreadPoolExecutor$Worker.run(ThreadPoolExecutor.java:628)
at java.base/java.lang.Thread.run(Thread.java:834)
]]>
            </full-stacktrace>
          </exception> <!-- java.lang.AssertionError -->
          <reporter-output>
          </reporter-output>
        </test-method> <!-- loginTest -->
        <test-method is-config="true" signature="tearDown()[pri:0, instance:com.qa.opencart.tests.LoginPageTest@24a2e565]" started-at="2024-06-24T17:24:18 IST" name="tearDown" finished-at="2024-06-24T17:24:20 IST" duration-ms="2467" status="PASS">
          <reporter-output>
          </reporter-output>
        </test-method> <!-- tearDown -->
      </class> <!-- com.qa.opencart.tests.LoginPageTest -->
    </test> <!-- Login Page Test -->
    <test started-at="2024-06-24T17:24:04 IST" name="ProductInfo Page Test" finished-at="2024-06-24T17:24:32 IST" duration-ms="27405">
      <class name="com.qa.opencart.tests.ProductInfoPageTest">
        <test-method is-config="true" signature="setUp()[pri:0, instance:com.qa.opencart.tests.ProductInfoPageTest@9301672]" started-at="2024-06-24T17:24:04 IST" name="setUp" finished-at="2024-06-24T17:24:09 IST" duration-ms="4337" status="PASS">
          <reporter-output>
          </reporter-output>
        </test-method> <!-- setUp -->
        <test-method is-config="true" signature="productInfoPageSetup()[pri:0, instance:com.qa.opencart.tests.ProductInfoPageTest@9301672]" started-at="2024-06-24T17:24:09 IST" name="productInfoPageSetup" finished-at="2024-06-24T17:24:10 IST" duration-ms="1811" status="PASS">
          <reporter-output>
          </reporter-output>
        </test-method> <!-- productInfoPageSetup -->
        <test-method signature="productHeaderTest(java.lang.String,java.lang.String)[pri:0, instance:com.qa.opencart.tests.ProductInfoPageTest@9301672]" started-at="2024-06-24T17:24:10 IST" name="productHeaderTest" data-provider="getProductData" finished-at="2024-06-24T17:24:12 IST" duration-ms="1380" status="PASS">
          <params>
            <param index="0">
              <value>
                <![CDATA[macbook]]>
              </value>
            </param>
            <param index="1">
              <value>
                <![CDATA[MacBook]]>
              </value>
            </param>
          </params>
          <reporter-output>
          </reporter-output>
        </test-method> <!-- productHeaderTest -->
        <test-method signature="productHeaderTest(java.lang.String,java.lang.String)[pri:0, instance:com.qa.opencart.tests.ProductInfoPageTest@9301672]" started-at="2024-06-24T17:24:12 IST" name="productHeaderTest" data-provider="getProductData" finished-at="2024-06-24T17:24:13 IST" duration-ms="1192" status="PASS">
          <params>
            <param index="0">
              <value>
                <![CDATA[macbook]]>
              </value>
            </param>
            <param index="1">
              <value>
                <![CDATA[MacBook Air]]>
              </value>
            </param>
          </params>
          <reporter-output>
          </reporter-output>
        </test-method> <!-- productHeaderTest -->
        <test-method signature="productHeaderTest(java.lang.String,java.lang.String)[pri:0, instance:com.qa.opencart.tests.ProductInfoPageTest@9301672]" started-at="2024-06-24T17:24:13 IST" name="productHeaderTest" data-provider="getProductData" finished-at="2024-06-24T17:24:14 IST" duration-ms="843" status="PASS">
          <params>
            <param index="0">
              <value>
                <![CDATA[imac]]>
              </value>
            </param>
            <param index="1">
              <value>
                <![CDATA[iMac]]>
              </value>
            </param>
          </params>
          <reporter-output>
          </reporter-output>
        </test-method> <!-- productHeaderTest -->
        <test-method signature="productHeaderTest(java.lang.String,java.lang.String)[pri:0, instance:com.qa.opencart.tests.ProductInfoPageTest@9301672]" started-at="2024-06-24T17:24:14 IST" name="productHeaderTest" data-provider="getProductData" finished-at="2024-06-24T17:24:15 IST" duration-ms="1184" status="PASS">
          <params>
            <param index="0">
              <value>
                <![CDATA[samsung]]>
              </value>
            </param>
            <param index="1">
              <value>
                <![CDATA[Samsung SyncMaster 941BW]]>
              </value>
            </param>
          </params>
          <reporter-output>
          </reporter-output>
        </test-method> <!-- productHeaderTest -->
        <test-method signature="productHeaderTest(java.lang.String,java.lang.String)[pri:0, instance:com.qa.opencart.tests.ProductInfoPageTest@9301672]" started-at="2024-06-24T17:24:15 IST" name="productHeaderTest" data-provider="getProductData" finished-at="2024-06-24T17:24:16 IST" duration-ms="1050" status="PASS">
          <params>
            <param index="0">
              <value>
                <![CDATA[samsung]]>
              </value>
            </param>
            <param index="1">
              <value>
                <![CDATA[Samsung Galaxy Tab 10.1]]>
              </value>
            </param>
          </params>
          <reporter-output>
          </reporter-output>
        </test-method> <!-- productHeaderTest -->
        <test-method signature="productHeaderTest(java.lang.String,java.lang.String)[pri:0, instance:com.qa.opencart.tests.ProductInfoPageTest@9301672]" started-at="2024-06-24T17:24:16 IST" name="productHeaderTest" data-provider="getProductData" finished-at="2024-06-24T17:24:19 IST" duration-ms="2711" status="PASS">
          <params>
            <param index="0">
              <value>
                <![CDATA[canon]]>
              </value>
            </param>
            <param index="1">
              <value>
                <![CDATA[Canon EOS 5D]]>
              </value>
            </param>
          </params>
          <reporter-output>
          </reporter-output>
        </test-method> <!-- productHeaderTest -->
        <test-method signature="productImageCountTest(java.lang.String,java.lang.String,java.lang.String)[pri:0, instance:com.qa.opencart.tests.ProductInfoPageTest@9301672]" started-at="2024-06-24T17:24:19 IST" name="productImageCountTest" data-provider="getProductImageDataFromCSV" finished-at="2024-06-24T17:24:21 IST" duration-ms="1721" status="PASS">
          <params>
            <param index="0">
              <value>
                <![CDATA[macbook]]>
              </value>
            </param>
            <param index="1">
              <value>
                <![CDATA[MacBook]]>
              </value>
            </param>
            <param index="2">
              <value>
                <![CDATA[5]]>
              </value>
            </param>
          </params>
          <reporter-output>
          </reporter-output>
        </test-method> <!-- productImageCountTest -->
        <test-method signature="productImageCountTest(java.lang.String,java.lang.String,java.lang.String)[pri:0, instance:com.qa.opencart.tests.ProductInfoPageTest@9301672]" started-at="2024-06-24T17:24:22 IST" name="productImageCountTest" data-provider="getProductImageDataFromCSV" finished-at="2024-06-24T17:24:23 IST" duration-ms="1394" status="PASS">
          <params>
            <param index="0">
              <value>
                <![CDATA[macbook]]>
              </value>
            </param>
            <param index="1">
              <value>
                <![CDATA[MacBook Air]]>
              </value>
            </param>
            <param index="2">
              <value>
                <![CDATA[4]]>
              </value>
            </param>
          </params>
          <reporter-output>
          </reporter-output>
        </test-method> <!-- productImageCountTest -->
        <test-method signature="productImageCountTest(java.lang.String,java.lang.String,java.lang.String)[pri:0, instance:com.qa.opencart.tests.ProductInfoPageTest@9301672]" started-at="2024-06-24T17:24:23 IST" name="productImageCountTest" data-provider="getProductImageDataFromCSV" finished-at="2024-06-24T17:24:25 IST" duration-ms="1931" status="PASS">
          <params>
            <param index="0">
              <value>
                <![CDATA[imac]]>
              </value>
            </param>
            <param index="1">
              <value>
                <![CDATA[iMac]]>
              </value>
            </param>
            <param index="2">
              <value>
                <![CDATA[3]]>
              </value>
            </param>
          </params>
          <reporter-output>
          </reporter-output>
        </test-method> <!-- productImageCountTest -->
        <test-method signature="productImageCountTest(java.lang.String,java.lang.String,java.lang.String)[pri:0, instance:com.qa.opencart.tests.ProductInfoPageTest@9301672]" started-at="2024-06-24T17:24:25 IST" name="productImageCountTest" data-provider="getProductImageDataFromCSV" finished-at="2024-06-24T17:24:26 IST" duration-ms="1148" status="PASS">
          <params>
            <param index="0">
              <value>
                <![CDATA[samsung]]>
              </value>
            </param>
            <param index="1">
              <value>
                <![CDATA[Samsung SyncMaster 941BW]]>
              </value>
            </param>
            <param index="2">
              <value>
                <![CDATA[1]]>
              </value>
            </param>
          </params>
          <reporter-output>
          </reporter-output>
        </test-method> <!-- productImageCountTest -->
        <test-method signature="productImageCountTest(java.lang.String,java.lang.String,java.lang.String)[pri:0, instance:com.qa.opencart.tests.ProductInfoPageTest@9301672]" started-at="2024-06-24T17:24:26 IST" name="productImageCountTest" data-provider="getProductImageDataFromCSV" finished-at="2024-06-24T17:24:28 IST" duration-ms="1370" status="PASS">
          <params>
            <param index="0">
              <value>
                <![CDATA[samsung]]>
              </value>
            </param>
            <param index="1">
              <value>
                <![CDATA[Samsung Galaxy Tab 10.1]]>
              </value>
            </param>
            <param index="2">
              <value>
                <![CDATA[7]]>
              </value>
            </param>
          </params>
          <reporter-output>
          </reporter-output>
        </test-method> <!-- productImageCountTest -->
        <test-method signature="productImageCountTest(java.lang.String,java.lang.String,java.lang.String)[pri:0, instance:com.qa.opencart.tests.ProductInfoPageTest@9301672]" started-at="2024-06-24T17:24:28 IST" name="productImageCountTest" data-provider="getProductImageDataFromCSV" finished-at="2024-06-24T17:24:29 IST" duration-ms="1000" status="PASS">
          <params>
            <param index="0">
              <value>
                <![CDATA[canon]]>
              </value>
            </param>
            <param index="1">
              <value>
                <![CDATA[Canon EOS 5D]]>
              </value>
            </param>
            <param index="2">
              <value>
                <![CDATA[3]]>
              </value>
            </param>
          </params>
          <reporter-output>
          </reporter-output>
        </test-method> <!-- productImageCountTest -->
        <test-method signature="productInfoTest()[pri:0, instance:com.qa.opencart.tests.ProductInfoPageTest@9301672]" started-at="2024-06-24T17:24:29 IST" name="productInfoTest" finished-at="2024-06-24T17:24:30 IST" duration-ms="1418" status="FAIL">
          <exception class="org.openqa.selenium.InvalidSelectorException">
            <message>
              <![CDATA[invalid selector
from javascript error: {"status":32,"value":"Unable to locate an element with the xpath expression //div[@id='content']//ul[@class='list-unstyled'])[2]/li because of the following error:\nSyntaxError: Failed to execute 'evaluate' on 'Document': The string '//div[@id='content']//ul[@class='list-unstyled'])[2]/li' is not a valid XPath expression."}
  (Session info: chrome=126.0.6478.63)
For documentation on this error, please visit: https://www.selenium.dev/documentation/webdriver/troubleshooting/errors#invalid-selector-exception
Build info: version: '4.19.1', revision: 'abe0ee07dc'
System info: os.name: 'Windows 11', os.arch: 'amd64', os.version: '10.0', java.version: '11.0.21'
Driver info: org.openqa.selenium.chrome.ChromeDriver
Command: [a905fd68c66bfd7bc2f8d48d0815e059, findElements {value=//div[@id='content']//ul[@class='list-unstyled'])[2]/li, using=xpath}]
Capabilities {acceptInsecureCerts: false, browserName: chrome, browserVersion: 126.0.6478.63, chrome: {chromedriverVersion: 126.0.6478.63 (df799988fdc9..., userDataDir: C:\Users\kalya\AppData\Loca...}, fedcm:accounts: true, goog:chromeOptions: {debuggerAddress: localhost:60535}, networkConnectionEnabled: false, pageLoadStrategy: normal, platformName: windows, proxy: Proxy(), se:cdp: ws://localhost:60535/devtoo..., se:cdpVersion: 126.0.6478.63, setWindowRect: true, strictFileInteractability: false, timeouts: {implicit: 0, pageLoad: 300000, script: 30000}, unhandledPromptBehavior: dismiss and notify, webauthn:extension:credBlob: true, webauthn:extension:largeBlob: true, webauthn:extension:minPinLength: true, webauthn:extension:prf: true, webauthn:virtualAuthenticators: true}
Session ID: a905fd68c66bfd7bc2f8d48d0815e059]]>
            </message>
            <full-stacktrace>
              <![CDATA[org.openqa.selenium.InvalidSelectorException: invalid selector
from javascript error: {"status":32,"value":"Unable to locate an element with the xpath expression //div[@id='content']//ul[@class='list-unstyled'])[2]/li because of the following error:\nSyntaxError: Failed to execute 'evaluate' on 'Document': The string '//div[@id='content']//ul[@class='list-unstyled'])[2]/li' is not a valid XPath expression."}
  (Session info: chrome=126.0.6478.63)
For documentation on this error, please visit: https://www.selenium.dev/documentation/webdriver/troubleshooting/errors#invalid-selector-exception
Build info: version: '4.19.1', revision: 'abe0ee07dc'
System info: os.name: 'Windows 11', os.arch: 'amd64', os.version: '10.0', java.version: '11.0.21'
Driver info: org.openqa.selenium.chrome.ChromeDriver
Command: [a905fd68c66bfd7bc2f8d48d0815e059, findElements {value=//div[@id='content']//ul[@class='list-unstyled'])[2]/li, using=xpath}]
Capabilities {acceptInsecureCerts: false, browserName: chrome, browserVersion: 126.0.6478.63, chrome: {chromedriverVersion: 126.0.6478.63 (df799988fdc9..., userDataDir: C:\Users\kalya\AppData\Loca...}, fedcm:accounts: true, goog:chromeOptions: {debuggerAddress: localhost:60535}, networkConnectionEnabled: false, pageLoadStrategy: normal, platformName: windows, proxy: Proxy(), se:cdp: ws://localhost:60535/devtoo..., se:cdpVersion: 126.0.6478.63, setWindowRect: true, strictFileInteractability: false, timeouts: {implicit: 0, pageLoad: 300000, script: 30000}, unhandledPromptBehavior: dismiss and notify, webauthn:extension:credBlob: true, webauthn:extension:largeBlob: true, webauthn:extension:minPinLength: true, webauthn:extension:prf: true, webauthn:virtualAuthenticators: true}
Session ID: a905fd68c66bfd7bc2f8d48d0815e059
at java.base/jdk.internal.reflect.NativeConstructorAccessorImpl.newInstance0(Native Method)
at java.base/jdk.internal.reflect.NativeConstructorAccessorImpl.newInstance(NativeConstructorAccessorImpl.java:62)
at java.base/jdk.internal.reflect.DelegatingConstructorAccessorImpl.newInstance(DelegatingConstructorAccessorImpl.java:45)
at java.base/java.lang.reflect.Constructor.newInstance(Constructor.java:490)
at org.openqa.selenium.remote.ErrorCodec.decode(ErrorCodec.java:167)
at org.openqa.selenium.remote.codec.w3c.W3CHttpResponseCodec.decode(W3CHttpResponseCodec.java:138)
at org.openqa.selenium.remote.codec.w3c.W3CHttpResponseCodec.decode(W3CHttpResponseCodec.java:50)
at org.openqa.selenium.remote.HttpCommandExecutor.execute(HttpCommandExecutor.java:190)
at org.openqa.selenium.remote.service.DriverCommandExecutor.invokeExecute(DriverCommandExecutor.java:216)
at org.openqa.selenium.remote.service.DriverCommandExecutor.execute(DriverCommandExecutor.java:174)
at org.openqa.selenium.remote.RemoteWebDriver.execute(RemoteWebDriver.java:518)
at org.openqa.selenium.remote.ElementLocation$ElementFinder$2.findElements(ElementLocation.java:182)
at org.openqa.selenium.remote.ElementLocation.findElements(ElementLocation.java:103)
at org.openqa.selenium.remote.RemoteWebDriver.findElements(RemoteWebDriver.java:368)
at org.openqa.selenium.remote.RemoteWebDriver.findElements(RemoteWebDriver.java:362)
at com.qa.opencart.utils.ElementUtil.getElements(ElementUtil.java:112)
at com.qa.opencart.pages.ProductInfoPage.getProductPriceData(ProductInfoPage.java:60)
at com.qa.opencart.pages.ProductInfoPage.getProductInfoMap(ProductInfoPage.java:71)
at com.qa.opencart.tests.ProductInfoPageTest.productInfoTest(ProductInfoPageTest.java:63)
at java.base/jdk.internal.reflect.NativeMethodAccessorImpl.invoke0(Native Method)
at java.base/jdk.internal.reflect.NativeMethodAccessorImpl.invoke(NativeMethodAccessorImpl.java:62)
at java.base/jdk.internal.reflect.DelegatingMethodAccessorImpl.invoke(DelegatingMethodAccessorImpl.java:43)
at java.base/java.lang.reflect.Method.invoke(Method.java:566)
at org.testng.internal.invokers.MethodInvocationHelper.invokeMethod(MethodInvocationHelper.java:141)
at org.testng.internal.invokers.TestInvoker.invokeMethod(TestInvoker.java:686)
at org.testng.internal.invokers.TestInvoker.invokeTestMethod(TestInvoker.java:230)
at org.testng.internal.invokers.MethodRunner.runInSequence(MethodRunner.java:63)
at org.testng.internal.invokers.TestInvoker$MethodInvocationAgent.invoke(TestInvoker.java:992)
at org.testng.internal.invokers.TestInvoker.invokeTestMethods(TestInvoker.java:203)
at org.testng.internal.invokers.TestMethodWorker.invokeTestMethods(TestMethodWorker.java:154)
at org.testng.internal.invokers.TestMethodWorker.run(TestMethodWorker.java:134)
at java.base/java.util.ArrayList.forEach(ArrayList.java:1541)
at org.testng.TestRunner.privateRun(TestRunner.java:739)
at org.testng.TestRunner.run(TestRunner.java:614)
at org.testng.SuiteRunner.runTest(SuiteRunner.java:421)
at org.testng.SuiteRunner$SuiteWorker.run(SuiteRunner.java:463)
at org.testng.internal.thread.ThreadUtil.lambda$execute$0(ThreadUtil.java:64)
at java.base/java.util.concurrent.FutureTask.run(FutureTask.java:264)
at java.base/java.util.concurrent.ThreadPoolExecutor.runWorker(ThreadPoolExecutor.java:1128)
at java.base/java.util.concurrent.ThreadPoolExecutor$Worker.run(ThreadPoolExecutor.java:628)
at java.base/java.lang.Thread.run(Thread.java:834)
]]>
            </full-stacktrace>
          </exception> <!-- org.openqa.selenium.InvalidSelectorException -->
          <reporter-output>
          </reporter-output>
        </test-method> <!-- productInfoTest -->
        <test-method is-config="true" signature="tearDown()[pri:0, instance:com.qa.opencart.tests.ProductInfoPageTest@9301672]" started-at="2024-06-24T17:24:31 IST" name="tearDown" finished-at="2024-06-24T17:24:32 IST" duration-ms="733" status="PASS">
          <reporter-output>
          </reporter-output>
        </test-method> <!-- tearDown -->
      </class> <!-- com.qa.opencart.tests.ProductInfoPageTest -->
    </test> <!-- ProductInfo Page Test -->
  </suite> <!-- TestNG Regression Suite -->
</testng-results>
