<!DOCTYPE html>

<html>
  <head>
  <meta charset='utf-8'>
  <title>TestNG reports</title>

    <link type="text/css" href="testng-reports1.css" rel="stylesheet" id="ultra" />
    <link type="text/css" href="testng-reports.css" rel="stylesheet" id="retro" disabled="false"/>
    <script type="text/javascript" src="jquery-3.6.0.min.js"></script>
    <script type="text/javascript" src="testng-reports.js"></script>
    <script type="text/javascript" src="https://www.google.com/jsapi"></script>
    <script type='text/javascript'>
      google.load('visualization', '1', {packages:['table']});
      google.setOnLoadCallback(drawTable);
      var suiteTableInitFunctions = new Array();
      var suiteTableData = new Array();
    </script>
    <!--
      <script type="text/javascript" src="jquery-ui/js/jquery-ui-1.8.16.custom.min.js"></script>
     -->
  </head>

  <body>    <div class="top-banner-root">
      <span class="top-banner-title-font">Test results</span>
      <button id="button" class="button">Switch Retro Theme</button> <!-- button -->
      <br/>
      <span class="top-banner-font-1">1 suite</span>
    </div> <!-- top-banner-root -->
    <div class="navigator-root">
      <div class="navigator-suite-header">
        <span>All suites</span>
        <a href="#" title="Collapse/expand all the suites" class="collapse-all-link">
          <img src="collapseall.gif" class="collapse-all-icon">
          </img> <!-- collapse-all-icon -->
        </a> <!-- collapse-all-link -->
      </div> <!-- navigator-suite-header -->
      <div class="suite">
        <div class="rounded-window">
          <div class="suite-header light-rounded-window-top">
            <a href="#" panel-name="suite-TestNG_Regression_Suite" class="navigator-link">
              <span class="suite-name border-skipped">TestNG Regression Suite</span>
            </a> <!-- navigator-link -->
          </div> <!-- suite-header light-rounded-window-top -->
          <div class="navigator-suite-content">
            <div class="suite-section-title">
              <span>Info</span>
            </div> <!-- suite-section-title -->
            <div class="suite-section-content">
              <ul>
                <li>
                  <a href="#" panel-name="test-xml-TestNG_Regression_Suite" class="navigator-link ">
                    <span>C:\Users\kalya\eclipse-workspace\Feb2024POMSeries\src\test\resources\testrunners\test_regressionProductInfo.xml</span>
                  </a> <!-- navigator-link  -->
                </li>
                <li>
                  <a href="#" panel-name="testlist-TestNG_Regression_Suite" class="navigator-link ">
                    <span class="test-stats">3 tests</span>
                  </a> <!-- navigator-link  -->
                </li>
                <li>
                  <a href="#" panel-name="group-TestNG_Regression_Suite" class="navigator-link ">
                    <span>0 groups</span>
                  </a> <!-- navigator-link  -->
                </li>
                <li>
                  <a href="#" panel-name="times-TestNG_Regression_Suite" class="navigator-link ">
                    <span>Times</span>
                  </a> <!-- navigator-link  -->
                </li>
                <li>
                  <a href="#" panel-name="reporter-TestNG_Regression_Suite" class="navigator-link ">
                    <span>Reporter output</span>
                  </a> <!-- navigator-link  -->
                </li>
                <li>
                  <a href="#" panel-name="ignored-methods-TestNG_Regression_Suite" class="navigator-link ">
                    <span>Ignored methods</span>
                  </a> <!-- navigator-link  -->
                </li>
                <li>
                  <a href="#" panel-name="chronological-TestNG_Regression_Suite" class="navigator-link ">
                    <span>Chronological view</span>
                  </a> <!-- navigator-link  -->
                </li>
              </ul>
            </div> <!-- suite-section-content -->
            <div class="result-section">
              <div class="suite-section-title">
                <span>Results</span>
              </div> <!-- suite-section-title -->
              <div class="suite-section-content">
                <ul>
                  <li>
                    <span class="method-stats">24 methods,  4 skipped,  20 passed</span>
                  </li>
                  <li>
                    <span class="method-list-title skipped">Skipped methods</span>
                    <span class="show-or-hide-methods skipped">
                      <a href="#" panel-name="suite-TestNG_Regression_Suite" class="hide-methods skipped suite-TestNG_Regression_Suite"> (hide)</a> <!-- hide-methods skipped suite-TestNG_Regression_Suite -->
                      <a href="#" panel-name="suite-TestNG_Regression_Suite" class="show-methods skipped suite-TestNG_Regression_Suite"> (show)</a> <!-- show-methods skipped suite-TestNG_Regression_Suite -->
                    </span>
                    <div class="method-list-content skipped suite-TestNG_Regression_Suite">
                      <span>
                        <img src="skipped.png" width="3%"/>
                        <a href="#" panel-name="suite-TestNG_Regression_Suite" title="com.qa.opencart.tests.LoginPageTest" class="method navigator-link" hash-for-method="forgotPwdLinkExistTest">forgotPwdLinkExistTest</a> <!-- method navigator-link -->
                      </span>
                      <br/>
                      <span>
                        <img src="skipped.png" width="3%"/>
                        <a href="#" panel-name="suite-TestNG_Regression_Suite" title="com.qa.opencart.tests.LoginPageTest" class="method navigator-link" hash-for-method="loginPageTitleTest">loginPageTitleTest</a> <!-- method navigator-link -->
                      </span>
                      <br/>
                      <span>
                        <img src="skipped.png" width="3%"/>
                        <a href="#" panel-name="suite-TestNG_Regression_Suite" title="com.qa.opencart.tests.LoginPageTest" class="method navigator-link" hash-for-method="loginPageURLTest">loginPageURLTest</a> <!-- method navigator-link -->
                      </span>
                      <br/>
                      <span>
                        <img src="skipped.png" width="3%"/>
                        <a href="#" panel-name="suite-TestNG_Regression_Suite" title="com.qa.opencart.tests.LoginPageTest" class="method navigator-link" hash-for-method="loginTest">loginTest</a> <!-- method navigator-link -->
                      </span>
                      <br/>
                    </div> <!-- method-list-content skipped suite-TestNG_Regression_Suite -->
                  </li>
                  <li>
                    <span class="method-list-title passed">Passed methods</span>
                    <span class="show-or-hide-methods passed">
                      <a href="#" panel-name="suite-TestNG_Regression_Suite" class="hide-methods passed suite-TestNG_Regression_Suite"> (hide)</a> <!-- hide-methods passed suite-TestNG_Regression_Suite -->
                      <a href="#" panel-name="suite-TestNG_Regression_Suite" class="show-methods passed suite-TestNG_Regression_Suite"> (show)</a> <!-- show-methods passed suite-TestNG_Regression_Suite -->
                    </span>
                    <div class="method-list-content passed suite-TestNG_Regression_Suite">
                      <span>
                        <img src="passed.png" width="3%"/>
                        <a href="#" panel-name="suite-TestNG_Regression_Suite" title="com.qa.opencart.tests.AccountsPageTest" class="method navigator-link" hash-for-method="accPageHeadersTest">accPageHeadersTest</a> <!-- method navigator-link -->
                      </span>
                      <br/>
                      <span>
                        <img src="passed.png" width="3%"/>
                        <a href="#" panel-name="suite-TestNG_Regression_Suite" title="com.qa.opencart.tests.AccountsPageTest" class="method navigator-link" hash-for-method="accPageTitleTest">accPageTitleTest</a> <!-- method navigator-link -->
                      </span>
                      <br/>
                      <span>
                        <img src="passed.png" width="3%"/>
                        <a href="#" panel-name="suite-TestNG_Regression_Suite" title="com.qa.opencart.tests.AccountsPageTest" class="method navigator-link" hash-for-method="accPageURLTest">accPageURLTest</a> <!-- method navigator-link -->
                      </span>
                      <br/>
                      <span>
                        <img src="passed.png" width="3%"/>
                        <a href="#" panel-name="suite-TestNG_Regression_Suite" title="com.qa.opencart.tests.ProductInfoPageTest" class="method navigator-link" hash-for-method="productHeaderTest(imac, iMac)">productHeaderTest(imac, iMac)</a> <!-- method navigator-link -->
                      </span>
                      <br/>
                      <span>
                        <img src="passed.png" width="3%"/>
                        <a href="#" panel-name="suite-TestNG_Regression_Suite" title="com.qa.opencart.tests.ProductInfoPageTest" class="method navigator-link" hash-for-method="productHeaderTest(samsung, Samsung Galaxy Tab 10.1)">productHeaderTest(samsung, Samsung Galaxy Tab 10.1)</a> <!-- method navigator-link -->
                      </span>
                      <br/>
                      <span>
                        <img src="passed.png" width="3%"/>
                        <a href="#" panel-name="suite-TestNG_Regression_Suite" title="com.qa.opencart.tests.ProductInfoPageTest" class="method navigator-link" hash-for-method="productHeaderTest(samsung, Samsung SyncMaster 941BW)">productHeaderTest(samsung, Samsung SyncMaster 941BW)</a> <!-- method navigator-link -->
                      </span>
                      <br/>
                      <span>
                        <img src="passed.png" width="3%"/>
                        <a href="#" panel-name="suite-TestNG_Regression_Suite" title="com.qa.opencart.tests.ProductInfoPageTest" class="method navigator-link" hash-for-method="productHeaderTest(canon, Canon EOS 5D)">productHeaderTest(canon, Canon EOS 5D)</a> <!-- method navigator-link -->
                      </span>
                      <br/>
                      <span>
                        <img src="passed.png" width="3%"/>
                        <a href="#" panel-name="suite-TestNG_Regression_Suite" title="com.qa.opencart.tests.ProductInfoPageTest" class="method navigator-link" hash-for-method="productHeaderTest(macbook, MacBook Air)">productHeaderTest(macbook, MacBook Air)</a> <!-- method navigator-link -->
                      </span>
                      <br/>
                      <span>
                        <img src="passed.png" width="3%"/>
                        <a href="#" panel-name="suite-TestNG_Regression_Suite" title="com.qa.opencart.tests.ProductInfoPageTest" class="method navigator-link" hash-for-method="productHeaderTest(macbook, MacBook)">productHeaderTest(macbook, MacBook)</a> <!-- method navigator-link -->
                      </span>
                      <br/>
                      <span>
                        <img src="passed.png" width="3%"/>
                        <a href="#" panel-name="suite-TestNG_Regression_Suite" title="com.qa.opencart.tests.ProductInfoPageTest" class="method navigator-link" hash-for-method="productImageCountTest(samsung, Samsung Galaxy Tab 10.1, 7)">productImageCountTest(samsung, Samsung Galaxy Tab 10.1, 7)</a> <!-- method navigator-link -->
                      </span>
                      <br/>
                      <span>
                        <img src="passed.png" width="3%"/>
                        <a href="#" panel-name="suite-TestNG_Regression_Suite" title="com.qa.opencart.tests.ProductInfoPageTest" class="method navigator-link" hash-for-method="productImageCountTest(samsung, Samsung SyncMaster 941BW, 1)">productImageCountTest(samsung, Samsung SyncMaster 941BW, 1)</a> <!-- method navigator-link -->
                      </span>
                      <br/>
                      <span>
                        <img src="passed.png" width="3%"/>
                        <a href="#" panel-name="suite-TestNG_Regression_Suite" title="com.qa.opencart.tests.ProductInfoPageTest" class="method navigator-link" hash-for-method="productImageCountTest(imac, iMac, 3)">productImageCountTest(imac, iMac, 3)</a> <!-- method navigator-link -->
                      </span>
                      <br/>
                      <span>
                        <img src="passed.png" width="3%"/>
                        <a href="#" panel-name="suite-TestNG_Regression_Suite" title="com.qa.opencart.tests.ProductInfoPageTest" class="method navigator-link" hash-for-method="productImageCountTest(canon, Canon EOS 5D, 3)">productImageCountTest(canon, Canon EOS 5D, 3)</a> <!-- method navigator-link -->
                      </span>
                      <br/>
                      <span>
                        <img src="passed.png" width="3%"/>
                        <a href="#" panel-name="suite-TestNG_Regression_Suite" title="com.qa.opencart.tests.ProductInfoPageTest" class="method navigator-link" hash-for-method="productImageCountTest(macbook, MacBook, 5)">productImageCountTest(macbook, MacBook, 5)</a> <!-- method navigator-link -->
                      </span>
                      <br/>
                      <span>
                        <img src="passed.png" width="3%"/>
                        <a href="#" panel-name="suite-TestNG_Regression_Suite" title="com.qa.opencart.tests.ProductInfoPageTest" class="method navigator-link" hash-for-method="productImageCountTest(macbook, MacBook Air, 4)">productImageCountTest(macbook, MacBook Air, 4)</a> <!-- method navigator-link -->
                      </span>
                      <br/>
                      <span>
                        <img src="passed.png" width="3%"/>
                        <a href="#" panel-name="suite-TestNG_Regression_Suite" title="com.qa.opencart.tests.ProductInfoPageTest" class="method navigator-link" hash-for-method="productInfoTest">productInfoTest</a> <!-- method navigator-link -->
                      </span>
                      <br/>
                      <span>
                        <img src="passed.png" width="3%"/>
                        <a href="#" panel-name="suite-TestNG_Regression_Suite" title="com.qa.opencart.tests.AccountsPageTest" class="method navigator-link" hash-for-method="searchTest(imac, 1)">searchTest(imac, 1)</a> <!-- method navigator-link -->
                      </span>
                      <br/>
                      <span>
                        <img src="passed.png" width="3%"/>
                        <a href="#" panel-name="suite-TestNG_Regression_Suite" title="com.qa.opencart.tests.AccountsPageTest" class="method navigator-link" hash-for-method="searchTest(samsung, 2)">searchTest(samsung, 2)</a> <!-- method navigator-link -->
                      </span>
                      <br/>
                      <span>
                        <img src="passed.png" width="3%"/>
                        <a href="#" panel-name="suite-TestNG_Regression_Suite" title="com.qa.opencart.tests.AccountsPageTest" class="method navigator-link" hash-for-method="searchTest(Airtel, 0)">searchTest(Airtel, 0)</a> <!-- method navigator-link -->
                      </span>
                      <br/>
                      <span>
                        <img src="passed.png" width="3%"/>
                        <a href="#" panel-name="suite-TestNG_Regression_Suite" title="com.qa.opencart.tests.AccountsPageTest" class="method navigator-link" hash-for-method="searchTest(macbook, 3)">searchTest(macbook, 3)</a> <!-- method navigator-link -->
                      </span>
                      <br/>
                    </div> <!-- method-list-content passed suite-TestNG_Regression_Suite -->
                  </li>
                </ul>
              </div> <!-- suite-section-content -->
            </div> <!-- result-section -->
          </div> <!-- navigator-suite-content -->
        </div> <!-- rounded-window -->
      </div> <!-- suite -->
    </div> <!-- navigator-root -->
    <div class="wrapper">
      <div class="main-panel-root">
        <div panel-name="suite-TestNG_Regression_Suite" class="panel TestNG_Regression_Suite">
          <div class="suite-TestNG_Regression_Suite-class-skipped">
            <div class="main-panel-header rounded-window-top">
              <img src="skipped.png"/>
              <span class="class-name">com.qa.opencart.tests.LoginPageTest</span>
            </div> <!-- main-panel-header rounded-window-top -->
            <div class="main-panel-content rounded-window-bottom">
              <div class="method">
                <div class="method-content">
                  <a name="forgotPwdLinkExistTest">
                  </a> <!-- forgotPwdLinkExistTest -->
                  <span class="method-name">forgotPwdLinkExistTest</span>
                  <div class="stack-trace">org.openqa.selenium.SessionNotCreatedException: Could not start a new session. Possible causes are invalid address of the remote server or browser start-up failure. 
Host info: host: &apos;ANVITACOMP&apos;, ip: &apos;192.168.0.29&apos;
	at org.openqa.selenium.remote.RemoteWebDriver.execute(RemoteWebDriver.java:536)
	at org.openqa.selenium.remote.RemoteWebDriver.startSession(RemoteWebDriver.java:232)
	at org.openqa.selenium.remote.RemoteWebDriver.&lt;init&gt;(RemoteWebDriver.java:161)
	at org.openqa.selenium.remote.RemoteWebDriver.&lt;init&gt;(RemoteWebDriver.java:141)
	at com.qa.opencart.factory.DriverFactory.initRemoteDriver(DriverFactory.java:96)
	at com.qa.opencart.factory.DriverFactory.initDriver(DriverFactory.java:48)
	at com.qa.opencart.base.BaseTest.setUp(BaseTest.java:42)
	at java.base/jdk.internal.reflect.NativeMethodAccessorImpl.invoke0(Native Method)
	at java.base/jdk.internal.reflect.NativeMethodAccessorImpl.invoke(NativeMethodAccessorImpl.java:77)
	at java.base/jdk.internal.reflect.DelegatingMethodAccessorImpl.invoke(DelegatingMethodAccessorImpl.java:43)
	at java.base/java.lang.reflect.Method.invoke(Method.java:568)
	at org.testng.internal.invokers.MethodInvocationHelper.invokeMethod(MethodInvocationHelper.java:141)
	at org.testng.internal.invokers.MethodInvocationHelper.invokeMethodConsideringTimeout(MethodInvocationHelper.java:71)
	at org.testng.internal.invokers.ConfigInvoker.invokeConfigurationMethod(ConfigInvoker.java:400)
	at org.testng.internal.invokers.ConfigInvoker.invokeConfigurations(ConfigInvoker.java:333)
	at org.testng.TestRunner.invokeTestConfigurations(TestRunner.java:655)
	at org.testng.TestRunner.beforeRun(TestRunner.java:644)
	at org.testng.TestRunner.run(TestRunner.java:610)
	at org.testng.SuiteRunner.runTest(SuiteRunner.java:421)
	at org.testng.SuiteRunner$SuiteWorker.run(SuiteRunner.java:463)
	at org.testng.internal.thread.ThreadUtil.lambda$execute$0(ThreadUtil.java:64)
	at java.base/java.util.concurrent.FutureTask.run(FutureTask.java:264)
	at java.base/java.util.concurrent.ThreadPoolExecutor.runWorker(ThreadPoolExecutor.java:1136)
	at java.base/java.util.concurrent.ThreadPoolExecutor$Worker.run(ThreadPoolExecutor.java:635)
	at java.base/java.lang.Thread.run(Thread.java:840)
Caused by: org.openqa.selenium.TimeoutException: java.util.concurrent.TimeoutException
Build info: version: &apos;4.19.1&apos;, revision: &apos;abe0ee07dc&apos;
System info: os.name: &apos;Windows 11&apos;, os.arch: &apos;amd64&apos;, os.version: &apos;10.0&apos;, java.version: &apos;17.0.10&apos;
Driver info: driver.version: RemoteWebDriver
	at org.openqa.selenium.remote.http.jdk.JdkHttpClient.execute0(JdkHttpClient.java:396)
	at org.openqa.selenium.remote.http.AddSeleniumUserAgent.lambda$apply$0(AddSeleniumUserAgent.java:42)
	at org.openqa.selenium.remote.http.Filter.lambda$andFinally$1(Filter.java:55)
	at org.openqa.selenium.remote.http.jdk.JdkHttpClient.execute(JdkHttpClient.java:352)
	at org.openqa.selenium.remote.tracing.TracedHttpClient.execute(TracedHttpClient.java:54)
	at org.openqa.selenium.remote.ProtocolHandshake.createSession(ProtocolHandshake.java:89)
	at org.openqa.selenium.remote.ProtocolHandshake.createSession(ProtocolHandshake.java:75)
	at org.openqa.selenium.remote.ProtocolHandshake.createSession(ProtocolHandshake.java:61)
	at org.openqa.selenium.remote.HttpCommandExecutor.execute(HttpCommandExecutor.java:162)
	at org.openqa.selenium.remote.TracedCommandExecutor.execute(TracedCommandExecutor.java:51)
	at org.openqa.selenium.remote.RemoteWebDriver.execute(RemoteWebDriver.java:518)
	... 24 more
Caused by: java.util.concurrent.TimeoutException
	at java.base/java.util.concurrent.CompletableFuture.timedGet(CompletableFuture.java:1960)
	at java.base/java.util.concurrent.CompletableFuture.get(CompletableFuture.java:2095)
	at org.openqa.selenium.remote.http.jdk.JdkHttpClient.execute0(JdkHttpClient.java:379)
	... 34 more

</div> <!-- stack-trace -->
                </div> <!-- method-content -->
              </div> <!-- method -->
              <div class="method">
                <div class="method-content">
                  <a name="loginPageTitleTest">
                  </a> <!-- loginPageTitleTest -->
                  <span class="method-name">loginPageTitleTest</span>
                  <div class="stack-trace">org.openqa.selenium.SessionNotCreatedException: Could not start a new session. Possible causes are invalid address of the remote server or browser start-up failure. 
Host info: host: &apos;ANVITACOMP&apos;, ip: &apos;192.168.0.29&apos;
	at org.openqa.selenium.remote.RemoteWebDriver.execute(RemoteWebDriver.java:536)
	at org.openqa.selenium.remote.RemoteWebDriver.startSession(RemoteWebDriver.java:232)
	at org.openqa.selenium.remote.RemoteWebDriver.&lt;init&gt;(RemoteWebDriver.java:161)
	at org.openqa.selenium.remote.RemoteWebDriver.&lt;init&gt;(RemoteWebDriver.java:141)
	at com.qa.opencart.factory.DriverFactory.initRemoteDriver(DriverFactory.java:96)
	at com.qa.opencart.factory.DriverFactory.initDriver(DriverFactory.java:48)
	at com.qa.opencart.base.BaseTest.setUp(BaseTest.java:42)
	at java.base/jdk.internal.reflect.NativeMethodAccessorImpl.invoke0(Native Method)
	at java.base/jdk.internal.reflect.NativeMethodAccessorImpl.invoke(NativeMethodAccessorImpl.java:77)
	at java.base/jdk.internal.reflect.DelegatingMethodAccessorImpl.invoke(DelegatingMethodAccessorImpl.java:43)
	at java.base/java.lang.reflect.Method.invoke(Method.java:568)
	at org.testng.internal.invokers.MethodInvocationHelper.invokeMethod(MethodInvocationHelper.java:141)
	at org.testng.internal.invokers.MethodInvocationHelper.invokeMethodConsideringTimeout(MethodInvocationHelper.java:71)
	at org.testng.internal.invokers.ConfigInvoker.invokeConfigurationMethod(ConfigInvoker.java:400)
	at org.testng.internal.invokers.ConfigInvoker.invokeConfigurations(ConfigInvoker.java:333)
	at org.testng.TestRunner.invokeTestConfigurations(TestRunner.java:655)
	at org.testng.TestRunner.beforeRun(TestRunner.java:644)
	at org.testng.TestRunner.run(TestRunner.java:610)
	at org.testng.SuiteRunner.runTest(SuiteRunner.java:421)
	at org.testng.SuiteRunner$SuiteWorker.run(SuiteRunner.java:463)
	at org.testng.internal.thread.ThreadUtil.lambda$execute$0(ThreadUtil.java:64)
	at java.base/java.util.concurrent.FutureTask.run(FutureTask.java:264)
	at java.base/java.util.concurrent.ThreadPoolExecutor.runWorker(ThreadPoolExecutor.java:1136)
	at java.base/java.util.concurrent.ThreadPoolExecutor$Worker.run(ThreadPoolExecutor.java:635)
	at java.base/java.lang.Thread.run(Thread.java:840)
Caused by: org.openqa.selenium.TimeoutException: java.util.concurrent.TimeoutException
Build info: version: &apos;4.19.1&apos;, revision: &apos;abe0ee07dc&apos;
System info: os.name: &apos;Windows 11&apos;, os.arch: &apos;amd64&apos;, os.version: &apos;10.0&apos;, java.version: &apos;17.0.10&apos;
Driver info: driver.version: RemoteWebDriver
	at org.openqa.selenium.remote.http.jdk.JdkHttpClient.execute0(JdkHttpClient.java:396)
	at org.openqa.selenium.remote.http.AddSeleniumUserAgent.lambda$apply$0(AddSeleniumUserAgent.java:42)
	at org.openqa.selenium.remote.http.Filter.lambda$andFinally$1(Filter.java:55)
	at org.openqa.selenium.remote.http.jdk.JdkHttpClient.execute(JdkHttpClient.java:352)
	at org.openqa.selenium.remote.tracing.TracedHttpClient.execute(TracedHttpClient.java:54)
	at org.openqa.selenium.remote.ProtocolHandshake.createSession(ProtocolHandshake.java:89)
	at org.openqa.selenium.remote.ProtocolHandshake.createSession(ProtocolHandshake.java:75)
	at org.openqa.selenium.remote.ProtocolHandshake.createSession(ProtocolHandshake.java:61)
	at org.openqa.selenium.remote.HttpCommandExecutor.execute(HttpCommandExecutor.java:162)
	at org.openqa.selenium.remote.TracedCommandExecutor.execute(TracedCommandExecutor.java:51)
	at org.openqa.selenium.remote.RemoteWebDriver.execute(RemoteWebDriver.java:518)
	... 24 more
Caused by: java.util.concurrent.TimeoutException
	at java.base/java.util.concurrent.CompletableFuture.timedGet(CompletableFuture.java:1960)
	at java.base/java.util.concurrent.CompletableFuture.get(CompletableFuture.java:2095)
	at org.openqa.selenium.remote.http.jdk.JdkHttpClient.execute0(JdkHttpClient.java:379)
	... 34 more

</div> <!-- stack-trace -->
                </div> <!-- method-content -->
              </div> <!-- method -->
              <div class="method">
                <div class="method-content">
                  <a name="loginPageURLTest">
                  </a> <!-- loginPageURLTest -->
                  <span class="method-name">loginPageURLTest</span>
                  <div class="stack-trace">org.openqa.selenium.SessionNotCreatedException: Could not start a new session. Possible causes are invalid address of the remote server or browser start-up failure. 
Host info: host: &apos;ANVITACOMP&apos;, ip: &apos;192.168.0.29&apos;
	at org.openqa.selenium.remote.RemoteWebDriver.execute(RemoteWebDriver.java:536)
	at org.openqa.selenium.remote.RemoteWebDriver.startSession(RemoteWebDriver.java:232)
	at org.openqa.selenium.remote.RemoteWebDriver.&lt;init&gt;(RemoteWebDriver.java:161)
	at org.openqa.selenium.remote.RemoteWebDriver.&lt;init&gt;(RemoteWebDriver.java:141)
	at com.qa.opencart.factory.DriverFactory.initRemoteDriver(DriverFactory.java:96)
	at com.qa.opencart.factory.DriverFactory.initDriver(DriverFactory.java:48)
	at com.qa.opencart.base.BaseTest.setUp(BaseTest.java:42)
	at java.base/jdk.internal.reflect.NativeMethodAccessorImpl.invoke0(Native Method)
	at java.base/jdk.internal.reflect.NativeMethodAccessorImpl.invoke(NativeMethodAccessorImpl.java:77)
	at java.base/jdk.internal.reflect.DelegatingMethodAccessorImpl.invoke(DelegatingMethodAccessorImpl.java:43)
	at java.base/java.lang.reflect.Method.invoke(Method.java:568)
	at org.testng.internal.invokers.MethodInvocationHelper.invokeMethod(MethodInvocationHelper.java:141)
	at org.testng.internal.invokers.MethodInvocationHelper.invokeMethodConsideringTimeout(MethodInvocationHelper.java:71)
	at org.testng.internal.invokers.ConfigInvoker.invokeConfigurationMethod(ConfigInvoker.java:400)
	at org.testng.internal.invokers.ConfigInvoker.invokeConfigurations(ConfigInvoker.java:333)
	at org.testng.TestRunner.invokeTestConfigurations(TestRunner.java:655)
	at org.testng.TestRunner.beforeRun(TestRunner.java:644)
	at org.testng.TestRunner.run(TestRunner.java:610)
	at org.testng.SuiteRunner.runTest(SuiteRunner.java:421)
	at org.testng.SuiteRunner$SuiteWorker.run(SuiteRunner.java:463)
	at org.testng.internal.thread.ThreadUtil.lambda$execute$0(ThreadUtil.java:64)
	at java.base/java.util.concurrent.FutureTask.run(FutureTask.java:264)
	at java.base/java.util.concurrent.ThreadPoolExecutor.runWorker(ThreadPoolExecutor.java:1136)
	at java.base/java.util.concurrent.ThreadPoolExecutor$Worker.run(ThreadPoolExecutor.java:635)
	at java.base/java.lang.Thread.run(Thread.java:840)
Caused by: org.openqa.selenium.TimeoutException: java.util.concurrent.TimeoutException
Build info: version: &apos;4.19.1&apos;, revision: &apos;abe0ee07dc&apos;
System info: os.name: &apos;Windows 11&apos;, os.arch: &apos;amd64&apos;, os.version: &apos;10.0&apos;, java.version: &apos;17.0.10&apos;
Driver info: driver.version: RemoteWebDriver
	at org.openqa.selenium.remote.http.jdk.JdkHttpClient.execute0(JdkHttpClient.java:396)
	at org.openqa.selenium.remote.http.AddSeleniumUserAgent.lambda$apply$0(AddSeleniumUserAgent.java:42)
	at org.openqa.selenium.remote.http.Filter.lambda$andFinally$1(Filter.java:55)
	at org.openqa.selenium.remote.http.jdk.JdkHttpClient.execute(JdkHttpClient.java:352)
	at org.openqa.selenium.remote.tracing.TracedHttpClient.execute(TracedHttpClient.java:54)
	at org.openqa.selenium.remote.ProtocolHandshake.createSession(ProtocolHandshake.java:89)
	at org.openqa.selenium.remote.ProtocolHandshake.createSession(ProtocolHandshake.java:75)
	at org.openqa.selenium.remote.ProtocolHandshake.createSession(ProtocolHandshake.java:61)
	at org.openqa.selenium.remote.HttpCommandExecutor.execute(HttpCommandExecutor.java:162)
	at org.openqa.selenium.remote.TracedCommandExecutor.execute(TracedCommandExecutor.java:51)
	at org.openqa.selenium.remote.RemoteWebDriver.execute(RemoteWebDriver.java:518)
	... 24 more
Caused by: java.util.concurrent.TimeoutException
	at java.base/java.util.concurrent.CompletableFuture.timedGet(CompletableFuture.java:1960)
	at java.base/java.util.concurrent.CompletableFuture.get(CompletableFuture.java:2095)
	at org.openqa.selenium.remote.http.jdk.JdkHttpClient.execute0(JdkHttpClient.java:379)
	... 34 more

</div> <!-- stack-trace -->
                </div> <!-- method-content -->
              </div> <!-- method -->
              <div class="method">
                <div class="method-content">
                  <a name="loginTest">
                  </a> <!-- loginTest -->
                  <span class="method-name">loginTest</span>
                  <div class="stack-trace">org.openqa.selenium.SessionNotCreatedException: Could not start a new session. Possible causes are invalid address of the remote server or browser start-up failure. 
Host info: host: &apos;ANVITACOMP&apos;, ip: &apos;192.168.0.29&apos;
	at org.openqa.selenium.remote.RemoteWebDriver.execute(RemoteWebDriver.java:536)
	at org.openqa.selenium.remote.RemoteWebDriver.startSession(RemoteWebDriver.java:232)
	at org.openqa.selenium.remote.RemoteWebDriver.&lt;init&gt;(RemoteWebDriver.java:161)
	at org.openqa.selenium.remote.RemoteWebDriver.&lt;init&gt;(RemoteWebDriver.java:141)
	at com.qa.opencart.factory.DriverFactory.initRemoteDriver(DriverFactory.java:96)
	at com.qa.opencart.factory.DriverFactory.initDriver(DriverFactory.java:48)
	at com.qa.opencart.base.BaseTest.setUp(BaseTest.java:42)
	at java.base/jdk.internal.reflect.NativeMethodAccessorImpl.invoke0(Native Method)
	at java.base/jdk.internal.reflect.NativeMethodAccessorImpl.invoke(NativeMethodAccessorImpl.java:77)
	at java.base/jdk.internal.reflect.DelegatingMethodAccessorImpl.invoke(DelegatingMethodAccessorImpl.java:43)
	at java.base/java.lang.reflect.Method.invoke(Method.java:568)
	at org.testng.internal.invokers.MethodInvocationHelper.invokeMethod(MethodInvocationHelper.java:141)
	at org.testng.internal.invokers.MethodInvocationHelper.invokeMethodConsideringTimeout(MethodInvocationHelper.java:71)
	at org.testng.internal.invokers.ConfigInvoker.invokeConfigurationMethod(ConfigInvoker.java:400)
	at org.testng.internal.invokers.ConfigInvoker.invokeConfigurations(ConfigInvoker.java:333)
	at org.testng.TestRunner.invokeTestConfigurations(TestRunner.java:655)
	at org.testng.TestRunner.beforeRun(TestRunner.java:644)
	at org.testng.TestRunner.run(TestRunner.java:610)
	at org.testng.SuiteRunner.runTest(SuiteRunner.java:421)
	at org.testng.SuiteRunner$SuiteWorker.run(SuiteRunner.java:463)
	at org.testng.internal.thread.ThreadUtil.lambda$execute$0(ThreadUtil.java:64)
	at java.base/java.util.concurrent.FutureTask.run(FutureTask.java:264)
	at java.base/java.util.concurrent.ThreadPoolExecutor.runWorker(ThreadPoolExecutor.java:1136)
	at java.base/java.util.concurrent.ThreadPoolExecutor$Worker.run(ThreadPoolExecutor.java:635)
	at java.base/java.lang.Thread.run(Thread.java:840)
Caused by: org.openqa.selenium.TimeoutException: java.util.concurrent.TimeoutException
Build info: version: &apos;4.19.1&apos;, revision: &apos;abe0ee07dc&apos;
System info: os.name: &apos;Windows 11&apos;, os.arch: &apos;amd64&apos;, os.version: &apos;10.0&apos;, java.version: &apos;17.0.10&apos;
Driver info: driver.version: RemoteWebDriver
	at org.openqa.selenium.remote.http.jdk.JdkHttpClient.execute0(JdkHttpClient.java:396)
	at org.openqa.selenium.remote.http.AddSeleniumUserAgent.lambda$apply$0(AddSeleniumUserAgent.java:42)
	at org.openqa.selenium.remote.http.Filter.lambda$andFinally$1(Filter.java:55)
	at org.openqa.selenium.remote.http.jdk.JdkHttpClient.execute(JdkHttpClient.java:352)
	at org.openqa.selenium.remote.tracing.TracedHttpClient.execute(TracedHttpClient.java:54)
	at org.openqa.selenium.remote.ProtocolHandshake.createSession(ProtocolHandshake.java:89)
	at org.openqa.selenium.remote.ProtocolHandshake.createSession(ProtocolHandshake.java:75)
	at org.openqa.selenium.remote.ProtocolHandshake.createSession(ProtocolHandshake.java:61)
	at org.openqa.selenium.remote.HttpCommandExecutor.execute(HttpCommandExecutor.java:162)
	at org.openqa.selenium.remote.TracedCommandExecutor.execute(TracedCommandExecutor.java:51)
	at org.openqa.selenium.remote.RemoteWebDriver.execute(RemoteWebDriver.java:518)
	... 24 more
Caused by: java.util.concurrent.TimeoutException
	at java.base/java.util.concurrent.CompletableFuture.timedGet(CompletableFuture.java:1960)
	at java.base/java.util.concurrent.CompletableFuture.get(CompletableFuture.java:2095)
	at org.openqa.selenium.remote.http.jdk.JdkHttpClient.execute0(JdkHttpClient.java:379)
	... 34 more

</div> <!-- stack-trace -->
                </div> <!-- method-content -->
              </div> <!-- method -->
            </div> <!-- main-panel-content rounded-window-bottom -->
          </div> <!-- suite-TestNG_Regression_Suite-class-skipped -->
          <div class="suite-TestNG_Regression_Suite-class-passed">
            <div class="main-panel-header rounded-window-top">
              <img src="passed.png"/>
              <span class="class-name">com.qa.opencart.tests.AccountsPageTest</span>
            </div> <!-- main-panel-header rounded-window-top -->
            <div class="main-panel-content rounded-window-bottom">
              <div class="method">
                <div class="method-content">
                  <a name="accPageHeadersTest">
                  </a> <!-- accPageHeadersTest -->
                  <span class="method-name">accPageHeadersTest</span>
                </div> <!-- method-content -->
              </div> <!-- method -->
              <div class="method">
                <div class="method-content">
                  <a name="accPageTitleTest">
                  </a> <!-- accPageTitleTest -->
                  <span class="method-name">accPageTitleTest</span>
                </div> <!-- method-content -->
              </div> <!-- method -->
              <div class="method">
                <div class="method-content">
                  <a name="accPageURLTest">
                  </a> <!-- accPageURLTest -->
                  <span class="method-name">accPageURLTest</span>
                </div> <!-- method-content -->
              </div> <!-- method -->
              <div class="method">
                <div class="method-content">
                  <a name="searchTest(imac, 1)">
                  </a> <!-- searchTest(imac, 1) -->
                  <span class="method-name">searchTest</span>
                  <span class="parameters">(imac,1)</span>
                </div> <!-- method-content -->
              </div> <!-- method -->
              <div class="method">
                <div class="method-content">
                  <a name="searchTest(samsung, 2)">
                  </a> <!-- searchTest(samsung, 2) -->
                  <span class="method-name">searchTest</span>
                  <span class="parameters">(samsung,2)</span>
                </div> <!-- method-content -->
              </div> <!-- method -->
              <div class="method">
                <div class="method-content">
                  <a name="searchTest(Airtel, 0)">
                  </a> <!-- searchTest(Airtel, 0) -->
                  <span class="method-name">searchTest</span>
                  <span class="parameters">(Airtel,0)</span>
                </div> <!-- method-content -->
              </div> <!-- method -->
              <div class="method">
                <div class="method-content">
                  <a name="searchTest(macbook, 3)">
                  </a> <!-- searchTest(macbook, 3) -->
                  <span class="method-name">searchTest</span>
                  <span class="parameters">(macbook,3)</span>
                </div> <!-- method-content -->
              </div> <!-- method -->
            </div> <!-- main-panel-content rounded-window-bottom -->
          </div> <!-- suite-TestNG_Regression_Suite-class-passed -->
          <div class="suite-TestNG_Regression_Suite-class-passed">
            <div class="main-panel-header rounded-window-top">
              <img src="passed.png"/>
              <span class="class-name">com.qa.opencart.tests.ProductInfoPageTest</span>
            </div> <!-- main-panel-header rounded-window-top -->
            <div class="main-panel-content rounded-window-bottom">
              <div class="method">
                <div class="method-content">
                  <a name="productHeaderTest(imac, iMac)">
                  </a> <!-- productHeaderTest(imac, iMac) -->
                  <span class="method-name">productHeaderTest</span>
                  <span class="parameters">(imac,iMac)</span>
                </div> <!-- method-content -->
              </div> <!-- method -->
              <div class="method">
                <div class="method-content">
                  <a name="productHeaderTest(samsung, Samsung Galaxy Tab 10.1)">
                  </a> <!-- productHeaderTest(samsung, Samsung Galaxy Tab 10.1) -->
                  <span class="method-name">productHeaderTest</span>
                  <span class="parameters">(samsung,Samsung Galaxy Tab 10.1)</span>
                </div> <!-- method-content -->
              </div> <!-- method -->
              <div class="method">
                <div class="method-content">
                  <a name="productHeaderTest(samsung, Samsung SyncMaster 941BW)">
                  </a> <!-- productHeaderTest(samsung, Samsung SyncMaster 941BW) -->
                  <span class="method-name">productHeaderTest</span>
                  <span class="parameters">(samsung,Samsung SyncMaster 941BW)</span>
                </div> <!-- method-content -->
              </div> <!-- method -->
              <div class="method">
                <div class="method-content">
                  <a name="productHeaderTest(canon, Canon EOS 5D)">
                  </a> <!-- productHeaderTest(canon, Canon EOS 5D) -->
                  <span class="method-name">productHeaderTest</span>
                  <span class="parameters">(canon,Canon EOS 5D)</span>
                </div> <!-- method-content -->
              </div> <!-- method -->
              <div class="method">
                <div class="method-content">
                  <a name="productHeaderTest(macbook, MacBook Air)">
                  </a> <!-- productHeaderTest(macbook, MacBook Air) -->
                  <span class="method-name">productHeaderTest</span>
                  <span class="parameters">(macbook,MacBook Air)</span>
                </div> <!-- method-content -->
              </div> <!-- method -->
              <div class="method">
                <div class="method-content">
                  <a name="productHeaderTest(macbook, MacBook)">
                  </a> <!-- productHeaderTest(macbook, MacBook) -->
                  <span class="method-name">productHeaderTest</span>
                  <span class="parameters">(macbook,MacBook)</span>
                </div> <!-- method-content -->
              </div> <!-- method -->
              <div class="method">
                <div class="method-content">
                  <a name="productImageCountTest(samsung, Samsung Galaxy Tab 10.1, 7)">
                  </a> <!-- productImageCountTest(samsung, Samsung Galaxy Tab 10.1, 7) -->
                  <span class="method-name">productImageCountTest</span>
                  <span class="parameters">(samsung,Samsung Galaxy Tab 10.1,7)</span>
                </div> <!-- method-content -->
              </div> <!-- method -->
              <div class="method">
                <div class="method-content">
                  <a name="productImageCountTest(samsung, Samsung SyncMaster 941BW, 1)">
                  </a> <!-- productImageCountTest(samsung, Samsung SyncMaster 941BW, 1) -->
                  <span class="method-name">productImageCountTest</span>
                  <span class="parameters">(samsung,Samsung SyncMaster 941BW,1)</span>
                </div> <!-- method-content -->
              </div> <!-- method -->
              <div class="method">
                <div class="method-content">
                  <a name="productImageCountTest(imac, iMac, 3)">
                  </a> <!-- productImageCountTest(imac, iMac, 3) -->
                  <span class="method-name">productImageCountTest</span>
                  <span class="parameters">(imac,iMac,3)</span>
                </div> <!-- method-content -->
              </div> <!-- method -->
              <div class="method">
                <div class="method-content">
                  <a name="productImageCountTest(canon, Canon EOS 5D, 3)">
                  </a> <!-- productImageCountTest(canon, Canon EOS 5D, 3) -->
                  <span class="method-name">productImageCountTest</span>
                  <span class="parameters">(canon,Canon EOS 5D,3)</span>
                </div> <!-- method-content -->
              </div> <!-- method -->
              <div class="method">
                <div class="method-content">
                  <a name="productImageCountTest(macbook, MacBook, 5)">
                  </a> <!-- productImageCountTest(macbook, MacBook, 5) -->
                  <span class="method-name">productImageCountTest</span>
                  <span class="parameters">(macbook,MacBook,5)</span>
                </div> <!-- method-content -->
              </div> <!-- method -->
              <div class="method">
                <div class="method-content">
                  <a name="productImageCountTest(macbook, MacBook Air, 4)">
                  </a> <!-- productImageCountTest(macbook, MacBook Air, 4) -->
                  <span class="method-name">productImageCountTest</span>
                  <span class="parameters">(macbook,MacBook Air,4)</span>
                </div> <!-- method-content -->
              </div> <!-- method -->
              <div class="method">
                <div class="method-content">
                  <a name="productInfoTest">
                  </a> <!-- productInfoTest -->
                  <span class="method-name">productInfoTest</span>
                </div> <!-- method-content -->
              </div> <!-- method -->
            </div> <!-- main-panel-content rounded-window-bottom -->
          </div> <!-- suite-TestNG_Regression_Suite-class-passed -->
        </div> <!-- panel TestNG_Regression_Suite -->
        <div panel-name="test-xml-TestNG_Regression_Suite" class="panel">
          <div class="main-panel-header rounded-window-top">
            <span class="header-content">C:\Users\kalya\eclipse-workspace\Feb2024POMSeries\src\test\resources\testrunners\test_regressionProductInfo.xml</span>
          </div> <!-- main-panel-header rounded-window-top -->
          <div class="main-panel-content rounded-window-bottom">
            <pre>
&lt;?xml version=&quot;1.0&quot; encoding=&quot;UTF-8&quot;?&gt;
&lt;!DOCTYPE suite SYSTEM &quot;https://testng.org/testng-1.0.dtd&quot;&gt;
&lt;suite thread-count=&quot;4&quot; parallel=&quot;tests&quot; name=&quot;TestNG Regression Suite&quot; guice-stage=&quot;DEVELOPMENT&quot; verbose=&quot;4&quot;&gt;
  &lt;listeners&gt;
    &lt;listener class-name=&quot;com.qa.opencart.listeners.ExtentReportListener&quot;/&gt;
    &lt;listener class-name=&quot;com.qa.opencart.listeners.TestAllureListener&quot;/&gt;
  &lt;/listeners&gt;
  &lt;test thread-count=&quot;4&quot; parallel=&quot;tests&quot; name=&quot;Login Page Test&quot; verbose=&quot;4&quot;&gt;
    &lt;parameter name=&quot;browser&quot; value=&quot;firefox&quot;/&gt;
    &lt;classes&gt;
      &lt;class name=&quot;com.qa.opencart.tests.LoginPageTest&quot;/&gt;
    &lt;/classes&gt;
  &lt;/test&gt; &lt;!-- Login Page Test --&gt;
  &lt;test thread-count=&quot;4&quot; parallel=&quot;tests&quot; name=&quot;Accounts Page Test&quot; verbose=&quot;4&quot;&gt;
    &lt;parameter name=&quot;browser&quot; value=&quot;firefox&quot;/&gt;
    &lt;classes&gt;
      &lt;class name=&quot;com.qa.opencart.tests.AccountsPageTest&quot;/&gt;
    &lt;/classes&gt;
  &lt;/test&gt; &lt;!-- Accounts Page Test --&gt;
  &lt;test thread-count=&quot;4&quot; parallel=&quot;tests&quot; name=&quot;ProductInfo Page Test&quot; verbose=&quot;4&quot;&gt;
    &lt;parameter name=&quot;browser&quot; value=&quot;firefox&quot;/&gt;
    &lt;classes&gt;
      &lt;class name=&quot;com.qa.opencart.tests.ProductInfoPageTest&quot;/&gt;
    &lt;/classes&gt;
  &lt;/test&gt; &lt;!-- ProductInfo Page Test --&gt;
&lt;/suite&gt; &lt;!-- TestNG Regression Suite --&gt;
            </pre>
          </div> <!-- main-panel-content rounded-window-bottom -->
        </div> <!-- panel -->
        <div panel-name="testlist-TestNG_Regression_Suite" class="panel">
          <div class="main-panel-header rounded-window-top">
            <span class="header-content">Tests for TestNG Regression Suite</span>
          </div> <!-- main-panel-header rounded-window-top -->
          <div class="main-panel-content rounded-window-bottom">
            <ul>
              <li>
                <span class="test-name">Login Page Test (1 class)</span>
              </li>
              <li>
                <span class="test-name">Accounts Page Test (1 class)</span>
              </li>
              <li>
                <span class="test-name">ProductInfo Page Test (1 class)</span>
              </li>
            </ul>
          </div> <!-- main-panel-content rounded-window-bottom -->
        </div> <!-- panel -->
        <div panel-name="group-TestNG_Regression_Suite" class="panel">
          <div class="main-panel-header rounded-window-top">
            <span class="header-content">Groups for TestNG Regression Suite</span>
          </div> <!-- main-panel-header rounded-window-top -->
          <div class="main-panel-content rounded-window-bottom">
          </div> <!-- main-panel-content rounded-window-bottom -->
        </div> <!-- panel -->
        <div panel-name="times-TestNG_Regression_Suite" class="panel">
          <div class="main-panel-header rounded-window-top">
            <span class="header-content">Times for TestNG Regression Suite</span>
          </div> <!-- main-panel-header rounded-window-top -->
          <div class="main-panel-content rounded-window-bottom">
            <div class="times-div">
              <script type="text/javascript">
suiteTableInitFunctions.push('tableData_TestNG_Regression_Suite');
function tableData_TestNG_Regression_Suite() {
var data = new google.visualization.DataTable();
data.addColumn('number', 'Number');
data.addColumn('string', 'Method');
data.addColumn('string', 'Class');
data.addColumn('number', 'Time (ms)');
data.addRows(24);
data.setCell(0, 0, 0)
data.setCell(0, 1, 'searchTest')
data.setCell(0, 2, 'com.qa.opencart.tests.AccountsPageTest')
data.setCell(0, 3, 11319);
data.setCell(1, 0, 1)
data.setCell(1, 1, 'productHeaderTest')
data.setCell(1, 2, 'com.qa.opencart.tests.ProductInfoPageTest')
data.setCell(1, 3, 9604);
data.setCell(2, 0, 2)
data.setCell(2, 1, 'productHeaderTest')
data.setCell(2, 2, 'com.qa.opencart.tests.ProductInfoPageTest')
data.setCell(2, 3, 4517);
data.setCell(3, 0, 3)
data.setCell(3, 1, 'productInfoTest')
data.setCell(3, 2, 'com.qa.opencart.tests.ProductInfoPageTest')
data.setCell(3, 3, 3727);
data.setCell(4, 0, 4)
data.setCell(4, 1, 'productImageCountTest')
data.setCell(4, 2, 'com.qa.opencart.tests.ProductInfoPageTest')
data.setCell(4, 3, 3462);
data.setCell(5, 0, 5)
data.setCell(5, 1, 'productHeaderTest')
data.setCell(5, 2, 'com.qa.opencart.tests.ProductInfoPageTest')
data.setCell(5, 3, 3244);
data.setCell(6, 0, 6)
data.setCell(6, 1, 'productHeaderTest')
data.setCell(6, 2, 'com.qa.opencart.tests.ProductInfoPageTest')
data.setCell(6, 3, 3221);
data.setCell(7, 0, 7)
data.setCell(7, 1, 'productImageCountTest')
data.setCell(7, 2, 'com.qa.opencart.tests.ProductInfoPageTest')
data.setCell(7, 3, 3024);
data.setCell(8, 0, 8)
data.setCell(8, 1, 'productHeaderTest')
data.setCell(8, 2, 'com.qa.opencart.tests.ProductInfoPageTest')
data.setCell(8, 3, 3019);
data.setCell(9, 0, 9)
data.setCell(9, 1, 'productImageCountTest')
data.setCell(9, 2, 'com.qa.opencart.tests.ProductInfoPageTest')
data.setCell(9, 3, 2883);
data.setCell(10, 0, 10)
data.setCell(10, 1, 'productImageCountTest')
data.setCell(10, 2, 'com.qa.opencart.tests.ProductInfoPageTest')
data.setCell(10, 3, 2831);
data.setCell(11, 0, 11)
data.setCell(11, 1, 'productHeaderTest')
data.setCell(11, 2, 'com.qa.opencart.tests.ProductInfoPageTest')
data.setCell(11, 3, 2831);
data.setCell(12, 0, 12)
data.setCell(12, 1, 'productImageCountTest')
data.setCell(12, 2, 'com.qa.opencart.tests.ProductInfoPageTest')
data.setCell(12, 3, 2671);
data.setCell(13, 0, 13)
data.setCell(13, 1, 'searchTest')
data.setCell(13, 2, 'com.qa.opencart.tests.AccountsPageTest')
data.setCell(13, 3, 2649);
data.setCell(14, 0, 14)
data.setCell(14, 1, 'productImageCountTest')
data.setCell(14, 2, 'com.qa.opencart.tests.ProductInfoPageTest')
data.setCell(14, 3, 2244);
data.setCell(15, 0, 15)
data.setCell(15, 1, 'accPageHeadersTest')
data.setCell(15, 2, 'com.qa.opencart.tests.AccountsPageTest')
data.setCell(15, 3, 2214);
data.setCell(16, 0, 16)
data.setCell(16, 1, 'searchTest')
data.setCell(16, 2, 'com.qa.opencart.tests.AccountsPageTest')
data.setCell(16, 3, 2103);
data.setCell(17, 0, 17)
data.setCell(17, 1, 'searchTest')
data.setCell(17, 2, 'com.qa.opencart.tests.AccountsPageTest')
data.setCell(17, 3, 1917);
data.setCell(18, 0, 18)
data.setCell(18, 1, 'accPageTitleTest')
data.setCell(18, 2, 'com.qa.opencart.tests.AccountsPageTest')
data.setCell(18, 3, 213);
data.setCell(19, 0, 19)
data.setCell(19, 1, 'accPageURLTest')
data.setCell(19, 2, 'com.qa.opencart.tests.AccountsPageTest')
data.setCell(19, 3, 181);
data.setCell(20, 0, 20)
data.setCell(20, 1, 'loginPageURLTest')
data.setCell(20, 2, 'com.qa.opencart.tests.LoginPageTest')
data.setCell(20, 3, 0);
data.setCell(21, 0, 21)
data.setCell(21, 1, 'forgotPwdLinkExistTest')
data.setCell(21, 2, 'com.qa.opencart.tests.LoginPageTest')
data.setCell(21, 3, 0);
data.setCell(22, 0, 22)
data.setCell(22, 1, 'loginPageTitleTest')
data.setCell(22, 2, 'com.qa.opencart.tests.LoginPageTest')
data.setCell(22, 3, 0);
data.setCell(23, 0, 23)
data.setCell(23, 1, 'loginTest')
data.setCell(23, 2, 'com.qa.opencart.tests.LoginPageTest')
data.setCell(23, 3, 0);
window.suiteTableData['TestNG_Regression_Suite']= { tableData: data, tableDiv: 'times-div-TestNG_Regression_Suite'}
return data;
}
              </script>
              <span class="suite-total-time">Total running time: 3 minutes</span>
              <div id="times-div-TestNG_Regression_Suite">
              </div> <!-- times-div-TestNG_Regression_Suite -->
            </div> <!-- times-div -->
          </div> <!-- main-panel-content rounded-window-bottom -->
        </div> <!-- panel -->
        <div panel-name="reporter-TestNG_Regression_Suite" class="panel">
          <div class="main-panel-header rounded-window-top">
            <span class="header-content">Reporter output for TestNG Regression Suite</span>
          </div> <!-- main-panel-header rounded-window-top -->
          <div class="main-panel-content rounded-window-bottom">
          </div> <!-- main-panel-content rounded-window-bottom -->
        </div> <!-- panel -->
        <div panel-name="ignored-methods-TestNG_Regression_Suite" class="panel">
          <div class="main-panel-header rounded-window-top">
            <span class="header-content">0 ignored methods</span>
          </div> <!-- main-panel-header rounded-window-top -->
          <div class="main-panel-content rounded-window-bottom">
          </div> <!-- main-panel-content rounded-window-bottom -->
        </div> <!-- panel -->
        <div panel-name="chronological-TestNG_Regression_Suite" class="panel">
          <div class="main-panel-header rounded-window-top">
            <span class="header-content">Methods in chronological order</span>
          </div> <!-- main-panel-header rounded-window-top -->
          <div class="main-panel-content rounded-window-bottom">
            <div class="chronological-class">
              <div class="chronological-class-name">com.qa.opencart.tests.ProductInfoPageTest</div> <!-- chronological-class-name -->
              <div class="configuration-test before">
                <span class="method-name">setUp(firefox)</span>
                <span class="method-start">0 ms</span>
              </div> <!-- configuration-test before -->
            </div> <!-- chronological-class -->
            <div class="chronological-class">
              <div class="chronological-class-name">com.qa.opencart.tests.LoginPageTest</div> <!-- chronological-class-name -->
              <div class="configuration-test before">
                <img src="failed.png">
                </img>
                <span class="method-name">setUp(firefox)</span>
                <span class="method-start">1 ms</span>
              </div> <!-- configuration-test before -->
            </div> <!-- chronological-class -->
            <div class="chronological-class">
              <div class="chronological-class-name">com.qa.opencart.tests.AccountsPageTest</div> <!-- chronological-class-name -->
              <div class="configuration-test before">
                <span class="method-name">setUp(firefox)</span>
                <span class="method-start">3 ms</span>
              </div> <!-- configuration-test before -->
              <div class="configuration-class before">
                <span class="method-name">accSetUp</span>
                <span class="method-start">47053 ms</span>
              </div> <!-- configuration-class before -->
            </div> <!-- chronological-class -->
            <div class="chronological-class">
              <div class="chronological-class-name">com.qa.opencart.tests.ProductInfoPageTest</div> <!-- chronological-class-name -->
              <div class="configuration-class before">
                <span class="method-name">productInfoPageSetup</span>
                <span class="method-start">47053 ms</span>
              </div> <!-- configuration-class before -->
            </div> <!-- chronological-class -->
            <div class="chronological-class">
              <div class="chronological-class-name">com.qa.opencart.tests.AccountsPageTest</div> <!-- chronological-class-name -->
              <div class="test-method">
                <span class="method-name">accPageHeadersTest</span>
                <span class="method-start">50721 ms</span>
              </div> <!-- test-method -->
            </div> <!-- chronological-class -->
            <div class="chronological-class">
              <div class="chronological-class-name">com.qa.opencart.tests.ProductInfoPageTest</div> <!-- chronological-class-name -->
              <div class="test-method">
                <span class="method-name">productHeaderTest(macbook, MacBook)</span>
                <span class="method-start">50721 ms</span>
              </div> <!-- test-method -->
            </div> <!-- chronological-class -->
            <div class="chronological-class">
              <div class="chronological-class-name">com.qa.opencart.tests.AccountsPageTest</div> <!-- chronological-class-name -->
              <div class="test-method">
                <span class="method-name">accPageTitleTest</span>
                <span class="method-start">54087 ms</span>
              </div> <!-- test-method -->
              <div class="test-method">
                <span class="method-name">accPageURLTest</span>
                <span class="method-start">54332 ms</span>
              </div> <!-- test-method -->
            </div> <!-- chronological-class -->
            <div class="chronological-class">
              <div class="chronological-class-name">com.qa.opencart.tests.ProductInfoPageTest</div> <!-- chronological-class-name -->
              <div class="test-method">
                <span class="method-name">productHeaderTest(macbook, MacBook Air)</span>
                <span class="method-start">60331 ms</span>
              </div> <!-- test-method -->
            </div> <!-- chronological-class -->
            <div class="chronological-class">
              <div class="chronological-class-name">com.qa.opencart.tests.AccountsPageTest</div> <!-- chronological-class-name -->
              <div class="test-method">
                <span class="method-name">searchTest(macbook, 3)</span>
                <span class="method-start">62030 ms</span>
              </div> <!-- test-method -->
            </div> <!-- chronological-class -->
            <div class="chronological-class">
              <div class="chronological-class-name">com.qa.opencart.tests.ProductInfoPageTest</div> <!-- chronological-class-name -->
              <div class="test-method">
                <span class="method-name">productHeaderTest(imac, iMac)</span>
                <span class="method-start">63562 ms</span>
              </div> <!-- test-method -->
            </div> <!-- chronological-class -->
            <div class="chronological-class">
              <div class="chronological-class-name">com.qa.opencart.tests.AccountsPageTest</div> <!-- chronological-class-name -->
              <div class="test-method">
                <span class="method-name">searchTest(imac, 1)</span>
                <span class="method-start">64150 ms</span>
              </div> <!-- test-method -->
              <div class="test-method">
                <span class="method-name">searchTest(samsung, 2)</span>
                <span class="method-start">66074 ms</span>
              </div> <!-- test-method -->
            </div> <!-- chronological-class -->
            <div class="chronological-class">
              <div class="chronological-class-name">com.qa.opencart.tests.ProductInfoPageTest</div> <!-- chronological-class-name -->
              <div class="test-method">
                <span class="method-name">productHeaderTest(samsung, Samsung SyncMaster 941BW)</span>
                <span class="method-start">66591 ms</span>
              </div> <!-- test-method -->
            </div> <!-- chronological-class -->
            <div class="chronological-class">
              <div class="chronological-class-name">com.qa.opencart.tests.AccountsPageTest</div> <!-- chronological-class-name -->
              <div class="test-method">
                <span class="method-name">searchTest(Airtel, 0)</span>
                <span class="method-start">68739 ms</span>
              </div> <!-- test-method -->
            </div> <!-- chronological-class -->
            <div class="chronological-class">
              <div class="chronological-class-name">com.qa.opencart.tests.ProductInfoPageTest</div> <!-- chronological-class-name -->
              <div class="test-method">
                <span class="method-name">productHeaderTest(samsung, Samsung Galaxy Tab 10.1)</span>
                <span class="method-start">71120 ms</span>
              </div> <!-- test-method -->
              <div class="test-method">
                <span class="method-name">productHeaderTest(canon, Canon EOS 5D)</span>
                <span class="method-start">74373 ms</span>
              </div> <!-- test-method -->
              <div class="test-method">
                <span class="method-name">productImageCountTest(macbook, MacBook, 5)</span>
                <span class="method-start">77329 ms</span>
              </div> <!-- test-method -->
            </div> <!-- chronological-class -->
            <div class="chronological-class">
              <div class="chronological-class-name">com.qa.opencart.tests.AccountsPageTest</div> <!-- chronological-class-name -->
              <div class="configuration-test after">
                <span class="method-name">tearDown</span>
                <span class="method-start">80080 ms</span>
              </div> <!-- configuration-test after -->
            </div> <!-- chronological-class -->
            <div class="chronological-class">
              <div class="chronological-class-name">com.qa.opencart.tests.ProductInfoPageTest</div> <!-- chronological-class-name -->
              <div class="test-method">
                <span class="method-name">productImageCountTest(macbook, MacBook Air, 4)</span>
                <span class="method-start">80361 ms</span>
              </div> <!-- test-method -->
              <div class="test-method">
                <span class="method-name">productImageCountTest(imac, iMac, 3)</span>
                <span class="method-start">83040 ms</span>
              </div> <!-- test-method -->
              <div class="test-method">
                <span class="method-name">productImageCountTest(samsung, Samsung SyncMaster 941BW, 1)</span>
                <span class="method-start">86550 ms</span>
              </div> <!-- test-method -->
              <div class="test-method">
                <span class="method-name">productImageCountTest(samsung, Samsung Galaxy Tab 10.1, 7)</span>
                <span class="method-start">89441 ms</span>
              </div> <!-- test-method -->
              <div class="test-method">
                <span class="method-name">productImageCountTest(canon, Canon EOS 5D, 3)</span>
                <span class="method-start">92279 ms</span>
              </div> <!-- test-method -->
              <div class="test-method">
                <span class="method-name">productInfoTest</span>
                <span class="method-start">94533 ms</span>
              </div> <!-- test-method -->
              <div class="configuration-test after">
                <span class="method-name">tearDown</span>
                <span class="method-start">98278 ms</span>
              </div> <!-- configuration-test after -->
            </div> <!-- chronological-class -->
            <div class="chronological-class">
              <div class="chronological-class-name">com.qa.opencart.tests.LoginPageTest</div> <!-- chronological-class-name -->
              <div class="test-method">
                <span class="method-name">loginPageTitleTest</span>
                <span class="method-start">181964 ms</span>
              </div> <!-- test-method -->
              <div class="test-method">
                <span class="method-name">loginPageURLTest</span>
                <span class="method-start">182041 ms</span>
              </div> <!-- test-method -->
              <div class="test-method">
                <span class="method-name">forgotPwdLinkExistTest</span>
                <span class="method-start">182057 ms</span>
              </div> <!-- test-method -->
              <div class="test-method">
                <span class="method-name">loginTest</span>
                <span class="method-start">182088 ms</span>
              </div> <!-- test-method -->
              <div class="configuration-test after">
                <span class="method-name">tearDown</span>
                <span class="method-start">182104 ms</span>
              </div> <!-- configuration-test after -->
          </div> <!-- main-panel-content rounded-window-bottom -->
        </div> <!-- panel -->
      </div> <!-- main-panel-root -->
    </div> <!-- wrapper -->
  </body>
<script type="text/javascript" src="testng-reports2.js"></script>
</html>
